<?xml version="1.0" encoding="UTF-8"?>
<testsuite name="com.pluralsight.security.TestResizeArray" tests="1" skipped="0" failures="0" errors="0" timestamp="2025-01-08T22:05:07" hostname="DESKTOP-JN8DKGK" time="0.001">
  <properties/>
  <testcase name="testArrayResize" classname="com.pluralsight.security.TestResizeArray" time="0.001"/>
  <system-out><![CDATA[]]></system-out>
  <system-err><![CDATA[]]></system-err>
</testsuite>
