<?xml version="1.0" encoding="UTF-8"?>
<testsuite name="com.pluralsight.security.TestCreateStreams" tests="8" skipped="0" failures="0" errors="0" timestamp="2025-01-08T22:05:07" hostname="DESKTOP-JN8DKGK" time="0.037">
  <properties/>
  <testcase name="testWhenDestFileDoesNotExistNoOverwrite" classname="com.pluralsight.security.TestCreateStreams" time="0.011"/>
  <testcase name="testWhenDestFileDoesNotExistOverwrite" classname="com.pluralsight.security.TestCreateStreams" time="0.004"/>
  <testcase name="testWhenDestFileExistsNoOverwrite" classname="com.pluralsight.security.TestCreateStreams" time="0.004"/>
  <testcase name="testWhenDestFileExistsOverwrite" classname="com.pluralsight.security.TestCreateStreams" time="0.003"/>
  <testcase name="testWhenInputFileDoesNotExist" classname="com.pluralsight.security.TestCreateStreams" time="0.002"/>
  <testcase name="testWhenInputFileNameIsNull" classname="com.pluralsight.security.TestCreateStreams" time="0.002"/>
  <testcase name="testWhenInputFileDoesExist" classname="com.pluralsight.security.TestCreateStreams" time="0.002"/>
  <testcase name="testWhenDestFileIsNull" classname="com.pluralsight.security.TestCreateStreams" time="0.003"/>
  <system-out><![CDATA[]]></system-out>
  <system-err><![CDATA[]]></system-err>
</testsuite>
