<?xml version="1.0" encoding="UTF-8"?>
<testsuite name="com.pluralsight.security.TestSign" tests="8" skipped="0" failures="0" errors="0" timestamp="2025-01-08T22:05:07" hostname="DESKTOP-JN8DKGK" time="0.091">
  <properties/>
  <testcase name="testLoadPrivateKeyInvalidPassword" classname="com.pluralsight.security.TestSign" time="0.029"/>
  <testcase name="testParseArgsDefaults" classname="com.pluralsight.security.TestSign" time="0.001"/>
  <testcase name="testCreateSignature" classname="com.pluralsight.security.TestSign" time="0.004"/>
  <testcase name="testLoadKeystore" classname="com.pluralsight.security.TestSign" time="0.002"/>
  <testcase name="testLoadPrivateKey" classname="com.pluralsight.security.TestSign" time="0.005"/>
  <testcase name="testSignData" classname="com.pluralsight.security.TestSign" time="0.03"/>
  <testcase name="testParseArgs" classname="com.pluralsight.security.TestSign" time="0.001"/>
  <testcase name="testVerifyData" classname="com.pluralsight.security.TestSign" time="0.017"/>
  <system-out><![CDATA[]]></system-out>
  <system-err><![CDATA[]]></system-err>
</testsuite>
