<?xml version="1.0" encoding="UTF-8"?>
<testsuite name="com.pluralsight.security.TestSign" tests="8" skipped="0" failures="0" errors="0" timestamp="2024-12-31T22:38:51" hostname="DESKTOP-JN8DKGK" time="0.095">
  <properties/>
  <testcase name="testLoadKeystore" classname="com.pluralsight.security.TestSign" time="0.031"/>
  <testcase name="testLoadPrivateKey" classname="com.pluralsight.security.TestSign" time="0.006"/>
  <testcase name="testSignData" classname="com.pluralsight.security.TestSign" time="0.028"/>
  <testcase name="testVerifyData" classname="com.pluralsight.security.TestSign" time="0.012"/>
  <testcase name="testParseArgs" classname="com.pluralsight.security.TestSign" time="0.002"/>
  <testcase name="testCreateSignature" classname="com.pluralsight.security.TestSign" time="0.006"/>
  <testcase name="testParseArgsDefaults" classname="com.pluralsight.security.TestSign" time="0.003"/>
  <testcase name="testLoadPrivateKeyInvalidPassword" classname="com.pluralsight.security.TestSign" time="0.003"/>
  <system-out><![CDATA[]]></system-out>
  <system-err><![CDATA[]]></system-err>
</testsuite>
