<?xml version="1.0" encoding="UTF-8"?>
<testsuite name="com.pluralsight.security.TestReadWriteBytes" tests="3" skipped="0" failures="0" errors="0" timestamp="2024-12-31T22:38:51" hostname="DESKTOP-JN8DKGK" time="0.037">
  <properties/>
  <testcase name="testWriteBytesEncoded" classname="com.pluralsight.security.TestReadWriteBytes" time="0.036"/>
  <testcase name="testReadBytes" classname="com.pluralsight.security.TestReadWriteBytes" time="0.0"/>
  <testcase name="testWriteBytes" classname="com.pluralsight.security.TestReadWriteBytes" time="0.0"/>
  <system-out><![CDATA[]]></system-out>
  <system-err><![CDATA[]]></system-err>
</testsuite>
