<?xml version="1.0" encoding="UTF-8"?>
<testsuite name="com.pluralsight.security.TestParseArgs" tests="3" skipped="0" failures="0" errors="0" timestamp="2024-12-31T22:38:51" hostname="DESKTOP-JN8DKGK" time="0.013">
  <properties/>
  <testcase name="testAllCorrectParamsInOrder" classname="com.pluralsight.security.TestParseArgs" time="0.001"/>
  <testcase name="testAllCorrectParamsRandomOrder" classname="com.pluralsight.security.TestParseArgs" time="0.005"/>
  <testcase name="testDefaultValues" classname="com.pluralsight.security.TestParseArgs" time="0.001"/>
  <system-out><![CDATA[]]></system-out>
  <system-err><![CDATA[]]></system-err>
</testsuite>
