<?xml version="1.0" encoding="UTF-8"?>
<testsuite name="com.pluralsight.security.TestProperties" tests="1" skipped="0" failures="0" errors="0" timestamp="2024-12-31T22:38:51" hostname="DESKTOP-JN8DKGK" time="0.004">
  <properties/>
  <testcase name="testBytesToHash" classname="com.pluralsight.security.TestProperties" time="0.004"/>
  <system-out><![CDATA[]]></system-out>
  <system-err><![CDATA[]]></system-err>
</testsuite>
